Using device: cuda
Experiment directory: experiments/run_001
---------------------- Load data ----------------------
---------------------- Hyperparameter search (DeeperCNN) ----------------------
Try lr=0.0001, weight_decay=0.0
   -> best val accuracy during search: 0.9599
Try lr=0.0001, weight_decay=0.0001
   -> best val accuracy during search: 0.9599
Try lr=0.0001, weight_decay=0.001
   -> best val accuracy during search: 0.9599
Try lr=0.0005, weight_decay=0.0
   -> best val accuracy during search: 0.9695
Try lr=0.0005, weight_decay=0.0001
   -> best val accuracy during search: 0.9733
Try lr=0.0005, weight_decay=0.001
   -> best val accuracy during search: 0.9714
Try lr=0.001, weight_decay=0.0
   -> best val accuracy during search: 0.9771
Try lr=0.001, weight_decay=0.0001
   -> best val accuracy during search: 0.9714
Try lr=0.001, weight_decay=0.001
   -> best val accuracy during search: 0.9714
Best hyperparameters: {'lr': 0.001, 'weight_decay': 0.0}
Best validation accuracy (search): 0.9770992366412213
Train final model with lr=0.001, weight_decay=0.0
Epoch [1/10] Train Loss: 0.2660, Train Acc: 0.8985 | Val Loss: 1.3615, Val Acc: 0.7424
  [Checkpoint] New best model (val_acc=0.7424) -> experiments/run_001/checkpoints/best_model.pt
  [Checkpoint] Saved periodic checkpoint -> experiments/run_001/checkpoints/checkpoint_epoch_1.pt
Epoch [2/10] Train Loss: 0.1085, Train Acc: 0.9590 | Val Loss: 0.1050, Val Acc: 0.9580
  [Checkpoint] New best model (val_acc=0.9580) -> experiments/run_001/checkpoints/best_model.pt
  [Checkpoint] Saved periodic checkpoint -> experiments/run_001/checkpoints/checkpoint_epoch_2.pt
Epoch [3/10] Train Loss: 0.0991, Train Acc: 0.9645 | Val Loss: 0.1129, Val Acc: 0.9561
  [Checkpoint] Saved periodic checkpoint -> experiments/run_001/checkpoints/checkpoint_epoch_3.pt
Epoch [4/10] Train Loss: 0.0825, Train Acc: 0.9724 | Val Loss: 0.0941, Val Acc: 0.9656
  [Checkpoint] New best model (val_acc=0.9656) -> experiments/run_001/checkpoints/best_model.pt
  [Checkpoint] Saved periodic checkpoint -> experiments/run_001/checkpoints/checkpoint_epoch_4.pt
Epoch [5/10] Train Loss: 0.0628, Train Acc: 0.9764 | Val Loss: 0.0760, Val Acc: 0.9771
  [Checkpoint] New best model (val_acc=0.9771) -> experiments/run_001/checkpoints/best_model.pt
  [Checkpoint] Saved periodic checkpoint -> experiments/run_001/checkpoints/checkpoint_epoch_5.pt
Epoch [6/10] Train Loss: 0.0547, Train Acc: 0.9794 | Val Loss: 0.0981, Val Acc: 0.9656
  [Checkpoint] Saved periodic checkpoint -> experiments/run_001/checkpoints/checkpoint_epoch_6.pt
Epoch [7/10] Train Loss: 0.0444, Train Acc: 0.9832 | Val Loss: 0.0813, Val Acc: 0.9714
  [Checkpoint] Saved periodic checkpoint -> experiments/run_001/checkpoints/checkpoint_epoch_7.pt
Epoch [8/10] Train Loss: 0.0389, Train Acc: 0.9864 | Val Loss: 0.0841, Val Acc: 0.9733
  [Checkpoint] Saved periodic checkpoint -> experiments/run_001/checkpoints/checkpoint_epoch_8.pt
Epoch [9/10] Train Loss: 0.0256, Train Acc: 0.9924 | Val Loss: 0.0903, Val Acc: 0.9676
  [Checkpoint] Saved periodic checkpoint -> experiments/run_001/checkpoints/checkpoint_epoch_9.pt
Epoch [10/10] Train Loss: 0.0206, Train Acc: 0.9934 | Val Loss: 0.1054, Val Acc: 0.9676
  [Checkpoint] Saved periodic checkpoint -> experiments/run_001/checkpoints/checkpoint_epoch_10.pt
  [Checkpoint] Loaded from experiments/run_001/checkpoints/best_model.pt (epoch 5)
Test Accuracy: 0.8173076923076923
Classification Report:
               precision    recall  f1-score   support

           0     1.0000    0.5128    0.6780       234
           1     0.7738    1.0000    0.8725       390

    accuracy                         0.8173       624
   macro avg     0.8869    0.7564    0.7752       624
weighted avg     0.8586    0.8173    0.7995       624

Saved model to pneumonia_deeper_cnn.pth
