---------------------- Import, preprocess and load data ----------------------
Loading the PneumoniaMNIST splits
Raw data loaded successfully!
Transformed data loaded successfully!
Using device: cpu
Epoch [1/10] Train Loss: 0.2608, Train Acc: 0.8989 | Val Loss: 1.2732, Val Acc: 0.7424
Epoch [2/10] Train Loss: 0.1143, Train Acc: 0.9556 | Val Loss: 0.0875, Val Acc: 0.9637
Epoch [3/10] Train Loss: 0.0890, Train Acc: 0.9681 | Val Loss: 0.1407, Val Acc: 0.9504
Epoch [4/10] Train Loss: 0.0697, Train Acc: 0.9739 | Val Loss: 0.0609, Val Acc: 0.9790
Epoch [5/10] Train Loss: 0.0635, Train Acc: 0.9768 | Val Loss: 0.1438, Val Acc: 0.9485
Epoch [6/10] Train Loss: 0.0546, Train Acc: 0.9785 | Val Loss: 0.0754, Val Acc: 0.9714
Epoch [7/10] Train Loss: 0.0438, Train Acc: 0.9819 | Val Loss: 0.0858, Val Acc: 0.9695
Epoch [8/10] Train Loss: 0.0280, Train Acc: 0.9887 | Val Loss: 0.0768, Val Acc: 0.9714
Epoch [9/10] Train Loss: 0.0229, Train Acc: 0.9913 | Val Loss: 0.0694, Val Acc: 0.9752
Epoch [10/10] Train Loss: 0.0295, Train Acc: 0.9902 | Val Loss: 0.0886, Val Acc: 0.9695
Test Accuracy: 0.9022435897435898
Classification Report:
               precision    recall  f1-score   support

           0     0.9676    0.7650    0.8544       234
           1     0.8747    0.9846    0.9264       390

    accuracy                         0.9022       624
   macro avg     0.9211    0.8748    0.8904       624
weighted avg     0.9095    0.9022    0.8994       624

Confusion Matrix:
 [[179  55]
 [  6 384]]
Saved model to pneumonia_deeper_cnn.pth
