---------------------- Import, preprocess and load data ----------------------
Loading the PneumoniaMNIST splits
Raw data loaded successfully!
Transformed data loaded successfully!
Using device: cpu
Traceback (most recent call last):
  File "/gpfs/home5/scur0318/9A2-project/src/models/deeper_deepLearning.py", line 104, in <module>
    loss = criterion(outputs, labels)
           ^^^^^^^^^^^^^^^^^^^^^^^^^^
  File "/home/scur0318/venv/lib/python3.12/site-packages/torch/nn/modules/module.py", line 1778, in _wrapped_call_impl
    return self._call_impl(*args, **kwargs)
           ^^^^^^^^^^^^^^^^^^^^^^^^^^^^^^^^
  File "/home/scur0318/venv/lib/python3.12/site-packages/torch/nn/modules/module.py", line 1789, in _call_impl
    return forward_call(*args, **kwargs)
           ^^^^^^^^^^^^^^^^^^^^^^^^^^^^^
  File "/home/scur0318/venv/lib/python3.12/site-packages/torch/nn/modules/loss.py", line 1394, in forward
    return F.cross_entropy(
           ^^^^^^^^^^^^^^^^
  File "/home/scur0318/venv/lib/python3.12/site-packages/torch/nn/functional.py", line 3507, in cross_entropy
    return torch._C._nn.cross_entropy_loss(
           ^^^^^^^^^^^^^^^^^^^^^^^^^^^^^^^^
RuntimeError: 0D or 1D target tensor expected, multi-target not supported
