---------------------- Import, preprocess and load data ----------------------
Loading the PneumoniaMNIST splits
Raw data loaded successfully!
Transformed data loaded successfully!
---------------------- Load data ----------------------
---------------------- Determining hyperparameters for KNN: -----------------------
Best hyperparameters:  {'metric': 'manhattan', 'n_neighbors': 10, 'weights': 'uniform'}
Mean CV accuracy of best hyperparameters:  0.9541207235379989
---------------------- Train model ----------------------
Model trained successfully!
---------------------- Validate model ----------------------
Validation accuracy: 0.9580
---------------------- Evaluate model ----------------------
Test accuracy: 0.8462
              precision    recall  f1-score   support

           0     0.9423    0.6282    0.7538       234
           1     0.8141    0.9769    0.8881       390

    accuracy                         0.8462       624
   macro avg     0.8782    0.8026    0.8210       624
weighted avg     0.8622    0.8462    0.8378       624

[[147  87]
 [  9 381]]
